mode: atomic
github.com/spacemojo/couchcandy/couchcandy.go:9.60,13.16 3 2
github.com/spacemojo/couchcandy/couchcandy.go:17.2,19.32 3 1
github.com/spacemojo/couchcandy/couchcandy.go:13.16,15.3 1 1
github.com/spacemojo/couchcandy/couchcandy.go:24.80,28.16 3 2
github.com/spacemojo/couchcandy/couchcandy.go:32.2,33.24 2 1
github.com/spacemojo/couchcandy/couchcandy.go:28.16,30.3 1 1
github.com/spacemojo/couchcandy/couchcandy.go:39.76,43.26 3 3
github.com/spacemojo/couchcandy/couchcandy.go:47.2,48.16 2 2
github.com/spacemojo/couchcandy/couchcandy.go:52.2,52.34 1 1
github.com/spacemojo/couchcandy/couchcandy.go:43.26,45.3 1 1
github.com/spacemojo/couchcandy/couchcandy.go:48.16,50.3 1 1
github.com/spacemojo/couchcandy/couchcandy.go:58.79,61.26 2 3
github.com/spacemojo/couchcandy/couchcandy.go:65.2,68.16 3 2
github.com/spacemojo/couchcandy/couchcandy.go:72.2,72.34 1 1
github.com/spacemojo/couchcandy/couchcandy.go:61.26,63.3 1 1
github.com/spacemojo/couchcandy/couchcandy.go:68.16,70.3 1 1
github.com/spacemojo/couchcandy/couchcandy.go:77.93,82.26 3 3
github.com/spacemojo/couchcandy/couchcandy.go:86.2,87.16 2 2
github.com/spacemojo/couchcandy/couchcandy.go:91.2,91.34 1 1
github.com/spacemojo/couchcandy/couchcandy.go:82.26,84.3 1 1
github.com/spacemojo/couchcandy/couchcandy.go:87.16,89.3 1 1
github.com/spacemojo/couchcandy/couchcandy.go:97.112,102.16 3 1
github.com/spacemojo/couchcandy/couchcandy.go:106.2,106.34 1 1
github.com/spacemojo/couchcandy/couchcandy.go:102.16,104.3 1 0
github.com/spacemojo/couchcandy/couchcandy.go:112.89,118.16 3 1
github.com/spacemojo/couchcandy/couchcandy.go:122.2,122.34 1 1
github.com/spacemojo/couchcandy/couchcandy.go:118.16,120.3 1 0
github.com/spacemojo/couchcandy/couchcandy.go:127.72,131.16 3 2
github.com/spacemojo/couchcandy/couchcandy.go:135.2,135.29 1 1
github.com/spacemojo/couchcandy/couchcandy.go:131.16,133.3 1 1
github.com/spacemojo/couchcandy/couchcandy.go:140.93,149.16 4 2
github.com/spacemojo/couchcandy/couchcandy.go:153.2,153.29 1 1
github.com/spacemojo/couchcandy/couchcandy.go:149.16,151.3 1 1
github.com/spacemojo/couchcandy/couchcandy.go:158.75,164.16 4 2
github.com/spacemojo/couchcandy/couchcandy.go:168.2,168.34 1 1
github.com/spacemojo/couchcandy/couchcandy.go:164.16,166.3 1 1
github.com/spacemojo/couchcandy/couchcandy.go:173.78,178.16 4 2
github.com/spacemojo/couchcandy/couchcandy.go:182.2,182.34 1 1
github.com/spacemojo/couchcandy/couchcandy.go:178.16,180.3 1 1
github.com/spacemojo/couchcandy/couchcandy.go:187.93,191.16 3 2
github.com/spacemojo/couchcandy/couchcandy.go:195.2,195.34 1 1
github.com/spacemojo/couchcandy/couchcandy.go:191.16,193.3 1 1
github.com/spacemojo/couchcandy/couchcandy.go:200.55,204.16 3 2
github.com/spacemojo/couchcandy/couchcandy.go:208.2,210.29 3 1
github.com/spacemojo/couchcandy/couchcandy.go:204.16,206.3 1 1
github.com/spacemojo/couchcandy/couchcandy.go:215.77,219.16 3 2
github.com/spacemojo/couchcandy/couchcandy.go:223.2,225.33 3 1
github.com/spacemojo/couchcandy/couchcandy.go:219.16,221.3 1 1
github.com/spacemojo/couchcandy/couchcandy.go:230.86,234.16 3 2
github.com/spacemojo/couchcandy/couchcandy.go:237.2,237.29 1 1
github.com/spacemojo/couchcandy/couchcandy.go:234.16,236.3 1 1
github.com/spacemojo/couchcandy/couchcandy.go:242.100,247.16 4 0
github.com/spacemojo/couchcandy/couchcandy.go:250.2,250.29 1 0
github.com/spacemojo/couchcandy/couchcandy.go:247.16,249.3 1 0
github.com/spacemojo/couchcandy/couchdbtypes.go:56.29,64.2 1 0
github.com/spacemojo/couchcandy/couchdbtypes.go:67.30,69.2 1 0
github.com/spacemojo/couchcandy/couchdbtypes.go:121.49,130.2 1 31
github.com/spacemojo/couchcandy/handlers.go:11.53,13.2 1 0
github.com/spacemojo/couchcandy/handlers.go:16.56,18.2 1 0
github.com/spacemojo/couchcandy/handlers.go:21.88,24.25 2 3
github.com/spacemojo/couchcandy/handlers.go:28.2,29.16 2 2
github.com/spacemojo/couchcandy/handlers.go:32.2,32.22 1 1
github.com/spacemojo/couchcandy/handlers.go:24.25,26.3 1 1
github.com/spacemojo/couchcandy/handlers.go:29.16,31.3 1 1
github.com/spacemojo/couchcandy/handlers.go:36.64,38.2 1 0
github.com/spacemojo/couchcandy/handlers.go:40.63,42.2 1 0
github.com/spacemojo/couchcandy/handlers.go:44.100,48.25 3 3
github.com/spacemojo/couchcandy/handlers.go:52.2,54.16 3 3
github.com/spacemojo/couchcandy/handlers.go:57.2,57.22 1 1
github.com/spacemojo/couchcandy/handlers.go:48.25,50.3 1 0
github.com/spacemojo/couchcandy/handlers.go:54.16,56.3 1 2
github.com/spacemojo/couchcandy/handlers.go:60.84,62.2 1 0
github.com/spacemojo/couchcandy/handlers.go:64.121,67.16 2 0
github.com/spacemojo/couchcandy/handlers.go:71.2,73.16 3 0
github.com/spacemojo/couchcandy/handlers.go:76.2,76.22 1 0
github.com/spacemojo/couchcandy/handlers.go:67.16,69.3 1 0
github.com/spacemojo/couchcandy/handlers.go:73.16,75.3 1 0
github.com/spacemojo/couchcandy/handlers.go:80.140,83.16 2 1
github.com/spacemojo/couchcandy/handlers.go:87.2,89.16 3 1
github.com/spacemojo/couchcandy/handlers.go:93.2,93.18 1 1
github.com/spacemojo/couchcandy/handlers.go:83.16,85.3 1 0
github.com/spacemojo/couchcandy/handlers.go:89.16,91.3 1 0
github.com/spacemojo/couchcandy/handlers.go:97.111,100.16 2 10
github.com/spacemojo/couchcandy/handlers.go:104.2,106.16 3 5
github.com/spacemojo/couchcandy/handlers.go:110.2,110.18 1 5
github.com/spacemojo/couchcandy/handlers.go:100.16,102.3 1 5
github.com/spacemojo/couchcandy/handlers.go:106.16,108.3 1 0
github.com/spacemojo/couchcandy/handlers.go:114.93,117.16 2 17
github.com/spacemojo/couchcandy/handlers.go:121.2,123.16 3 9
github.com/spacemojo/couchcandy/handlers.go:127.2,127.18 1 9
github.com/spacemojo/couchcandy/handlers.go:117.16,119.3 1 8
github.com/spacemojo/couchcandy/handlers.go:123.16,125.3 1 0
github.com/spacemojo/couchcandy/utils.go:12.44,14.2 1 32
github.com/spacemojo/couchcandy/utils.go:16.48,18.2 1 29
github.com/spacemojo/couchcandy/utils.go:20.64,22.25 2 3
github.com/spacemojo/couchcandy/utils.go:25.2,25.48 1 2
github.com/spacemojo/couchcandy/utils.go:22.25,24.3 1 1
github.com/spacemojo/couchcandy/utils.go:28.59,30.2 1 6
github.com/spacemojo/couchcandy/utils.go:32.87,33.23 1 2
github.com/spacemojo/couchcandy/utils.go:36.2,36.81 1 1
github.com/spacemojo/couchcandy/utils.go:33.23,35.3 1 1
github.com/spacemojo/couchcandy/utils.go:39.52,41.2 1 2
github.com/spacemojo/couchcandy/utils.go:43.58,47.2 3 3
github.com/spacemojo/couchcandy/utils.go:49.57,53.2 3 1
github.com/spacemojo/couchcandy/utils.go:55.57,59.2 3 2
github.com/spacemojo/couchcandy/utils.go:61.67,65.2 3 8
github.com/spacemojo/couchcandy/utils.go:68.57,70.16 2 10
github.com/spacemojo/couchcandy/utils.go:73.2,74.21 2 6
github.com/spacemojo/couchcandy/utils.go:70.16,72.3 1 4
github.com/spacemojo/couchcandy/utils.go:77.44,83.39 4 7
github.com/spacemojo/couchcandy/utils.go:88.2,88.44 1 7
github.com/spacemojo/couchcandy/utils.go:83.39,86.3 2 27
github.com/spacemojo/couchcandy/utils.go:92.45,97.21 3 8
github.com/spacemojo/couchcandy/utils.go:100.2,101.24 2 8
github.com/spacemojo/couchcandy/utils.go:104.2,104.23 1 8
github.com/spacemojo/couchcandy/utils.go:107.2,107.28 1 8
github.com/spacemojo/couchcandy/utils.go:110.2,110.26 1 8
github.com/spacemojo/couchcandy/utils.go:113.2,113.29 1 8
github.com/spacemojo/couchcandy/utils.go:116.2,116.19 1 8
github.com/spacemojo/couchcandy/utils.go:97.21,99.3 1 8
github.com/spacemojo/couchcandy/utils.go:101.24,103.3 1 5
github.com/spacemojo/couchcandy/utils.go:104.23,106.3 1 2
github.com/spacemojo/couchcandy/utils.go:107.28,109.3 1 1
github.com/spacemojo/couchcandy/utils.go:110.26,112.3 1 1
github.com/spacemojo/couchcandy/utils.go:113.29,115.3 1 1
